{'Game': 0}
{'Round': 0, 'pile': [], 'cards_left': 24}
{'1_atk': '[14, 0]', 'nick': 'EVA', 'hand': '[[12, 2], [9, 3], [6, 1], [6, 0], [7, 3]]', 'hand_size': 5}
{'grab': 'VALL E', 'hand': '[[7, 1], [13, 3], [6, 3], [11, 2], [11, 0], [14, 1], [14, 0]]', 'hand_size': 7}
{'Round': 1, 'pile': [], 'cards_left': 23}
{'1_atk': '[8, 3]', 'nick': 'EVA', 'hand': '[[12, 2], [9, 3], [6, 1], [6, 0], [7, 3]]', 'hand_size': 5}
{'1_def': '[11, 0]', 'nick': 'VALL E', 'hand': '[[7, 1], [13, 3], [6, 3], [11, 2], [14, 1], [14, 0]]', 'hand_size': 6}
{'Round': 2, 'pile': [[8, 3], [11, 0]], 'cards_left': 22}
{'1_atk': '[6, 3]', 'nick': 'VALL E', 'hand': '[[7, 1], [13, 3], [11, 2], [14, 1], [14, 0]]', 'hand_size': 5}
{'1_def': '[7, 3]', 'nick': 'EVA', 'hand': '[[12, 2], [9, 3], [6, 1], [6, 0], [11, 3]]', 'hand_size': 5}
{'2_add': '[7, 1]', 'nick': 'VALL E', 'hand': '[[13, 3], [11, 2], [14, 1], [14, 0]]', 'hand_size': 4}
{'2_def': '[6, 0]', 'nick': 'EVA', 'hand': '[[12, 2], [9, 3], [6, 1], [11, 3]]', 'hand_size': 4}
{'Round': 3, 'pile': [[8, 3], [11, 0], [6, 3], [7, 3], [7, 1], [6, 0]], 'cards_left': 18}
{'1_atk': '[14, 2]', 'nick': 'EVA', 'hand': '[[12, 2], [9, 3], [6, 1], [11, 3], [13, 0]]', 'hand_size': 5}
{'1_def': '[8, 0]', 'nick': 'VALL E', 'hand': '[[13, 3], [11, 2], [14, 1], [14, 0], [9, 1]]', 'hand_size': 5}
{'Round': 4, 'pile': [[8, 3], [11, 0], [6, 3], [7, 3], [7, 1], [6, 0], [14, 2], [8, 0]], 'cards_left': 16}
{'1_atk': '[14, 0]', 'nick': 'VALL E', 'hand': '[[13, 3], [11, 2], [14, 1], [9, 1], [10, 2]]', 'hand_size': 5}
{'grab': 'EVA', 'hand': '[[12, 2], [9, 3], [6, 1], [11, 3], [13, 0], [6, 2], [14, 0]]', 'hand_size': 7}
{'Round': 5, 'pile': [[8, 3], [11, 0], [6, 3], [7, 3], [7, 1], [6, 0], [14, 2], [8, 0]], 'cards_left': 15}
{'1_atk': '[11, 2]', 'nick': 'VALL E', 'hand': '[[13, 3], [14, 1], [9, 1], [10, 2], [10, 3]]', 'hand_size': 5}
{'1_def': '[13, 0]', 'nick': 'EVA', 'hand': '[[12, 2], [9, 3], [6, 1], [11, 3], [6, 2], [14, 0]]', 'hand_size': 6}
{'2_add': '[13, 3]', 'nick': 'VALL E', 'hand': '[[14, 1], [9, 1], [10, 2], [10, 3]]', 'hand_size': 4}
{'2_def': '[14, 0]', 'nick': 'EVA', 'hand': '[[12, 2], [9, 3], [6, 1], [11, 3], [6, 2]]', 'hand_size': 5}
{'3_add': '[14, 1]', 'nick': 'VALL E', 'hand': '[[9, 1], [10, 2], [10, 3]]', 'hand_size': 3}
{'grab': 'EVA', 'hand': '[[12, 2], [9, 3], [6, 1], [11, 3], [6, 2], [11, 2], [13, 0], [13, 3], [14, 0], [14, 1]]', 'hand_size': 10}
{'Round': 6, 'pile': [[8, 3], [11, 0], [6, 3], [7, 3], [7, 1], [6, 0], [14, 2], [8, 0]], 'cards_left': 12}
{'1_atk': '[10, 3]', 'nick': 'VALL E', 'hand': '[[9, 1], [10, 2], [8, 1], [7, 0], [12, 1]]', 'hand_size': 5}
{'1_def': '[14, 0]', 'nick': 'EVA', 'hand': '[[12, 2], [9, 3], [6, 1], [11, 3], [6, 2], [11, 2], [13, 0], [13, 3], [14, 1]]', 'hand_size': 9}
{'2_add': '[10, 2]', 'nick': 'VALL E', 'hand': '[[9, 1], [8, 1], [7, 0], [12, 1]]', 'hand_size': 4}
{'2_def': '[11, 2]', 'nick': 'EVA', 'hand': '[[12, 2], [9, 3], [6, 1], [11, 3], [6, 2], [13, 0], [13, 3], [14, 1]]', 'hand_size': 8}
{'Round': 7, 'pile': [[8, 3], [11, 0], [6, 3], [7, 3], [7, 1], [6, 0], [14, 2], [8, 0], [10, 3], [14, 0], [10, 2], [11, 2]], 'cards_left': 10}
{'1_atk': '[6, 2]', 'nick': 'EVA', 'hand': '[[12, 2], [9, 3], [6, 1], [11, 3], [13, 0], [13, 3], [14, 1]]', 'hand_size': 7}
{'1_def': '[7, 0]', 'nick': 'VALL E', 'hand': '[[9, 1], [8, 1], [12, 1], [13, 2], [11, 1]]', 'hand_size': 5}
{'2_add': '[6, 1]', 'nick': 'EVA', 'hand': '[[12, 2], [9, 3], [11, 3], [13, 0], [13, 3], [14, 1]]', 'hand_size': 6}
{'2_def': '[12, 1]', 'nick': 'VALL E', 'hand': '[[9, 1], [8, 1], [13, 2], [11, 1]]', 'hand_size': 4}
{'3_add': '[12, 2]', 'nick': 'EVA', 'hand': '[[9, 3], [11, 3], [13, 0], [13, 3], [14, 1]]', 'hand_size': 5}
{'3_def': '[13, 2]', 'nick': 'VALL E', 'hand': '[[9, 1], [8, 1], [11, 1]]', 'hand_size': 3}
{'4_add': '[13, 0]', 'nick': 'EVA', 'hand': '[[9, 3], [11, 3], [13, 3], [14, 1]]', 'hand_size': 4}
{'grab': 'VALL E', 'hand': '[[9, 1], [8, 1], [11, 1], [6, 2], [7, 0], [6, 1], [12, 1], [12, 2], [13, 2], [13, 0]]', 'hand_size': 10}
{'Round': 8, 'pile': [[8, 3], [11, 0], [6, 3], [7, 3], [7, 1], [6, 0], [14, 2], [8, 0], [10, 3], [14, 0], [10, 2], [11, 2]], 'cards_left': 8}
{'1_atk': '[13, 3]', 'nick': 'EVA', 'hand': '[[9, 3], [11, 3], [14, 1], [14, 3], [12, 3]]', 'hand_size': 5}
{'1_def': '[13, 0]', 'nick': 'VALL E', 'hand': '[[9, 1], [8, 1], [11, 1], [6, 2], [7, 0], [6, 1], [12, 1], [12, 2], [13, 2]]', 'hand_size': 9}
{'Round': 9, 'pile': [[8, 3], [11, 0], [6, 3], [7, 3], [7, 1], [6, 0], [14, 2], [8, 0], [10, 3], [14, 0], [10, 2], [11, 2], [13, 3], [13, 0]], 'cards_left': 7}
{'1_atk': '[6, 1]', 'nick': 'VALL E', 'hand': '[[9, 1], [8, 1], [11, 1], [6, 2], [7, 0], [12, 1], [12, 2], [13, 2]]', 'hand_size': 8}
{'1_def': '[14, 1]', 'nick': 'EVA', 'hand': '[[9, 3], [11, 3], [14, 3], [12, 3], [8, 2]]', 'hand_size': 5}
{'2_add': '[6, 2]', 'nick': 'VALL E', 'hand': '[[9, 1], [8, 1], [11, 1], [7, 0], [12, 1], [12, 2], [13, 2]]', 'hand_size': 7}
{'2_def': '[8, 2]', 'nick': 'EVA', 'hand': '[[9, 3], [11, 3], [14, 3], [12, 3]]', 'hand_size': 4}
{'3_add': '[8, 1]', 'nick': 'VALL E', 'hand': '[[9, 1], [11, 1], [7, 0], [12, 1], [12, 2], [13, 2]]', 'hand_size': 6}
{'grab': 'EVA', 'hand': '[[9, 3], [11, 3], [14, 3], [12, 3], [6, 1], [14, 1], [6, 2], [8, 2], [8, 1]]', 'hand_size': 9}
{'Round': 10, 'pile': [[8, 3], [11, 0], [6, 3], [7, 3], [7, 1], [6, 0], [14, 2], [8, 0], [10, 3], [14, 0], [10, 2], [11, 2], [13, 3], [13, 0]], 'cards_left': 7}
{'1_atk': '[9, 1]', 'nick': 'VALL E', 'hand': '[[11, 1], [7, 0], [12, 1], [12, 2], [13, 2]]', 'hand_size': 5}
{'1_def': '[14, 1]', 'nick': 'EVA', 'hand': '[[9, 3], [11, 3], [14, 3], [12, 3], [6, 1], [6, 2], [8, 2], [8, 1]]', 'hand_size': 8}
{'Round': 11, 'pile': [[8, 3], [11, 0], [6, 3], [7, 3], [7, 1], [6, 0], [14, 2], [8, 0], [10, 3], [14, 0], [10, 2], [11, 2], [13, 3], [13, 0], [9, 1], [14, 1]], 'cards_left': 6}
{'1_atk': '[12, 3]', 'nick': 'EVA', 'hand': '[[9, 3], [11, 3], [14, 3], [6, 1], [6, 2], [8, 2], [8, 1]]', 'hand_size': 7}
{'1_def': '[7, 0]', 'nick': 'VALL E', 'hand': '[[11, 1], [12, 1], [12, 2], [13, 2], [9, 2]]', 'hand_size': 5}
{'Round': 12, 'pile': [[8, 3], [11, 0], [6, 3], [7, 3], [7, 1], [6, 0], [14, 2], [8, 0], [10, 3], [14, 0], [10, 2], [11, 2], [13, 3], [13, 0], [9, 1], [14, 1], [12, 3], [7, 0]], 'cards_left': 5}
{'1_atk': '[13, 2]', 'nick': 'VALL E', 'hand': '[[11, 1], [12, 1], [12, 2], [9, 2], [9, 0]]', 'hand_size': 5}
{'grab': 'EVA', 'hand': '[[9, 3], [11, 3], [14, 3], [6, 1], [6, 2], [8, 2], [8, 1], [13, 2]]', 'hand_size': 8}
{'Round': 13, 'pile': [[8, 3], [11, 0], [6, 3], [7, 3], [7, 1], [6, 0], [14, 2], [8, 0], [10, 3], [14, 0], [10, 2], [11, 2], [13, 3], [13, 0], [9, 1], [14, 1], [12, 3], [7, 0]], 'cards_left': 4}
{'1_atk': '[12, 1]', 'nick': 'VALL E', 'hand': '[[11, 1], [12, 2], [9, 2], [9, 0], [12, 0]]', 'hand_size': 5}
{'grab': 'EVA', 'hand': '[[9, 3], [11, 3], [14, 3], [6, 1], [6, 2], [8, 2], [8, 1], [13, 2], [12, 1]]', 'hand_size': 9}
{'Round': 14, 'pile': [[8, 3], [11, 0], [6, 3], [7, 3], [7, 1], [6, 0], [14, 2], [8, 0], [10, 3], [14, 0], [10, 2], [11, 2], [13, 3], [13, 0], [9, 1], [14, 1], [12, 3], [7, 0]], 'cards_left': 3}
{'1_atk': '[12, 2]', 'nick': 'VALL E', 'hand': '[[11, 1], [9, 2], [9, 0], [12, 0], [13, 1]]', 'hand_size': 5}
{'1_def': '[13, 2]', 'nick': 'EVA', 'hand': '[[9, 3], [11, 3], [14, 3], [6, 1], [6, 2], [8, 2], [8, 1], [12, 1]]', 'hand_size': 8}
{'2_add': '[13, 1]', 'nick': 'VALL E', 'hand': '[[11, 1], [9, 2], [9, 0], [12, 0]]', 'hand_size': 4}
{'grab': 'EVA', 'hand': '[[9, 3], [11, 3], [14, 3], [6, 1], [6, 2], [8, 2], [8, 1], [12, 1], [12, 2], [13, 2], [13, 1]]', 'hand_size': 11}
{'Round': 15, 'pile': [[8, 3], [11, 0], [6, 3], [7, 3], [7, 1], [6, 0], [14, 2], [8, 0], [10, 3], [14, 0], [10, 2], [11, 2], [13, 3], [13, 0], [9, 1], [14, 1], [12, 3], [7, 0]], 'cards_left': 1}
{'1_atk': '[10, 1]', 'nick': 'VALL E', 'hand': '[[11, 1], [9, 2], [9, 0], [12, 0], [7, 2]]', 'hand_size': 5}
{'1_def': '[13, 1]', 'nick': 'EVA', 'hand': '[[9, 3], [11, 3], [14, 3], [6, 1], [6, 2], [8, 2], [8, 1], [12, 1], [12, 2], [13, 2]]', 'hand_size': 10}
{'Round': 16, 'pile': [[8, 3], [11, 0], [6, 3], [7, 3], [7, 1], [6, 0], [14, 2], [8, 0], [10, 3], [14, 0], [10, 2], [11, 2], [13, 3], [13, 0], [9, 1], [14, 1], [12, 3], [7, 0], [10, 1], [13, 1]], 'cards_left': 0}
{'1_atk': '[6, 2]', 'nick': 'EVA', 'hand': '[[9, 3], [11, 3], [14, 3], [6, 1], [8, 2], [8, 1], [12, 1], [12, 2], [13, 2]]', 'hand_size': 9}
{'1_def': '[9, 0]', 'nick': 'VALL E', 'hand': '[[11, 1], [9, 2], [12, 0], [7, 2], [10, 0]]', 'hand_size': 5}
{'2_add': '[9, 3]', 'nick': 'EVA', 'hand': '[[11, 3], [14, 3], [6, 1], [8, 2], [8, 1], [12, 1], [12, 2], [13, 2]]', 'hand_size': 8}
{'2_def': '[12, 0]', 'nick': 'VALL E', 'hand': '[[11, 1], [9, 2], [7, 2], [10, 0]]', 'hand_size': 4}
{'3_add': '[6, 1]', 'nick': 'EVA', 'hand': '[[11, 3], [14, 3], [8, 2], [8, 1], [12, 1], [12, 2], [13, 2]]', 'hand_size': 7}
{'3_def': '[11, 1]', 'nick': 'VALL E', 'hand': '[[9, 2], [7, 2], [10, 0]]', 'hand_size': 3}
{'4_add': '[11, 3]', 'nick': 'EVA', 'hand': '[[14, 3], [8, 2], [8, 1], [12, 1], [12, 2], [13, 2]]', 'hand_size': 6}
{'4_def': '[10, 0]', 'nick': 'VALL E', 'hand': '[[9, 2], [7, 2]]', 'hand_size': 2}
{'5_add': '[12, 1]', 'nick': 'EVA', 'hand': '[[14, 3], [8, 2], [8, 1], [12, 2], [13, 2]]', 'hand_size': 5}
{'grab': 'VALL E', 'hand': '[[9, 2], [7, 2], [6, 2], [9, 0], [9, 3], [12, 0], [6, 1], [11, 1], [11, 3], [10, 0], [12, 1]]', 'hand_size': 11}
{'Round': 17, 'pile': [[8, 3], [11, 0], [6, 3], [7, 3], [7, 1], [6, 0], [14, 2], [8, 0], [10, 3], [14, 0], [10, 2], [11, 2], [13, 3], [13, 0], [9, 1], [14, 1], [12, 3], [7, 0], [10, 1], [13, 1]], 'cards_left': 0}
{'1_atk': '[8, 1]', 'nick': 'EVA', 'hand': '[[14, 3], [8, 2], [12, 2], [13, 2]]', 'hand_size': 4}
{'1_def': '[11, 1]', 'nick': 'VALL E', 'hand': '[[9, 2], [7, 2], [6, 2], [9, 0], [9, 3], [12, 0], [6, 1], [11, 3], [10, 0], [12, 1]]', 'hand_size': 10}
{'2_add': '[8, 2]', 'nick': 'EVA', 'hand': '[[14, 3], [12, 2], [13, 2]]', 'hand_size': 3}
{'2_def': '[12, 0]', 'nick': 'VALL E', 'hand': '[[9, 2], [7, 2], [6, 2], [9, 0], [9, 3], [6, 1], [11, 3], [10, 0], [12, 1]]', 'hand_size': 9}
{'3_add': '[12, 2]', 'nick': 'EVA', 'hand': '[[14, 3], [13, 2]]', 'hand_size': 2}
{'3_def': '[10, 0]', 'nick': 'VALL E', 'hand': '[[9, 2], [7, 2], [6, 2], [9, 0], [9, 3], [6, 1], [11, 3], [12, 1]]', 'hand_size': 8}
{'Round': 18, 'pile': [[8, 3], [11, 0], [6, 3], [7, 3], [7, 1], [6, 0], [14, 2], [8, 0], [10, 3], [14, 0], [10, 2], [11, 2], [13, 3], [13, 0], [9, 1], [14, 1], [12, 3], [7, 0], [10, 1], [13, 1], [8, 1], [11, 1], [8, 2], [12, 0], [12, 2], [10, 0]], 'cards_left': 0}
{'1_atk': '[9, 3]', 'nick': 'VALL E', 'hand': '[[9, 2], [7, 2], [6, 2], [9, 0], [6, 1], [11, 3], [12, 1]]', 'hand_size': 7}
{'1_def': '[14, 3]', 'nick': 'EVA', 'hand': '[[13, 2]]', 'hand_size': 1}
{'2_add': '[9, 0]', 'nick': 'VALL E', 'hand': '[[9, 2], [7, 2], [6, 2], [6, 1], [11, 3], [12, 1]]', 'hand_size': 6}
{'grab': 'EVA', 'hand': '[[13, 2], [9, 3], [14, 3], [9, 0]]', 'hand_size': 4}
{'Round': 19, 'pile': [[8, 3], [11, 0], [6, 3], [7, 3], [7, 1], [6, 0], [14, 2], [8, 0], [10, 3], [14, 0], [10, 2], [11, 2], [13, 3], [13, 0], [9, 1], [14, 1], [12, 3], [7, 0], [10, 1], [13, 1], [8, 1], [11, 1], [8, 2], [12, 0], [12, 2], [10, 0]], 'cards_left': 0}
{'1_atk': '[6, 1]', 'nick': 'VALL E', 'hand': '[[9, 2], [7, 2], [6, 2], [11, 3], [12, 1]]', 'hand_size': 5}
{'1_def': '[9, 0]', 'nick': 'EVA', 'hand': '[[13, 2], [9, 3], [14, 3]]', 'hand_size': 3}
{'2_add': '[9, 2]', 'nick': 'VALL E', 'hand': '[[7, 2], [6, 2], [11, 3], [12, 1]]', 'hand_size': 4}
{'2_def': '[13, 2]', 'nick': 'EVA', 'hand': '[[9, 3], [14, 3]]', 'hand_size': 2}
{'3_add': '[6, 2]', 'nick': 'VALL E', 'hand': '[[7, 2], [11, 3], [12, 1]]', 'hand_size': 3}
{'grab': 'EVA', 'hand': '[[9, 3], [14, 3], [6, 1], [9, 0], [9, 2], [13, 2], [6, 2]]', 'hand_size': 7}
{'Round': 20, 'pile': [[8, 3], [11, 0], [6, 3], [7, 3], [7, 1], [6, 0], [14, 2], [8, 0], [10, 3], [14, 0], [10, 2], [11, 2], [13, 3], [13, 0], [9, 1], [14, 1], [12, 3], [7, 0], [10, 1], [13, 1], [8, 1], [11, 1], [8, 2], [12, 0], [12, 2], [10, 0]], 'cards_left': 0}
{'1_atk': '[11, 3]', 'nick': 'VALL E', 'hand': '[[7, 2], [12, 1]]', 'hand_size': 2}
{'1_def': '[9, 0]', 'nick': 'EVA', 'hand': '[[9, 3], [14, 3], [6, 1], [9, 2], [13, 2], [6, 2]]', 'hand_size': 6}
{'Round': 21, 'pile': [[8, 3], [11, 0], [6, 3], [7, 3], [7, 1], [6, 0], [14, 2], [8, 0], [10, 3], [14, 0], [10, 2], [11, 2], [13, 3], [13, 0], [9, 1], [14, 1], [12, 3], [7, 0], [10, 1], [13, 1], [8, 1], [11, 1], [8, 2], [12, 0], [12, 2], [10, 0], [11, 3], [9, 0]], 'cards_left': 0}
{'1_atk': '[13, 2]', 'nick': 'EVA', 'hand': '[[9, 3], [14, 3], [6, 1], [9, 2], [6, 2]]', 'hand_size': 5}
{'grab': 'VALL E', 'hand': '[[7, 2], [12, 1], [13, 2]]', 'hand_size': 3}
{'Round': 22, 'pile': [[8, 3], [11, 0], [6, 3], [7, 3], [7, 1], [6, 0], [14, 2], [8, 0], [10, 3], [14, 0], [10, 2], [11, 2], [13, 3], [13, 0], [9, 1], [14, 1], [12, 3], [7, 0], [10, 1], [13, 1], [8, 1], [11, 1], [8, 2], [12, 0], [12, 2], [10, 0], [11, 3], [9, 0]], 'cards_left': 0}
{'1_atk': '[6, 2]', 'nick': 'EVA', 'hand': '[[9, 3], [14, 3], [6, 1], [9, 2]]', 'hand_size': 4}
{'1_def': '[13, 2]', 'nick': 'VALL E', 'hand': '[[7, 2], [12, 1]]', 'hand_size': 2}
{'2_add': '[6, 1]', 'nick': 'EVA', 'hand': '[[9, 3], [14, 3], [9, 2]]', 'hand_size': 3}
{'2_def': '[12, 1]', 'nick': 'VALL E', 'hand': '[[7, 2]]', 'hand_size': 1}
{'Round': 23, 'pile': [[8, 3], [11, 0], [6, 3], [7, 3], [7, 1], [6, 0], [14, 2], [8, 0], [10, 3], [14, 0], [10, 2], [11, 2], [13, 3], [13, 0], [9, 1], [14, 1], [12, 3], [7, 0], [10, 1], [13, 1], [8, 1], [11, 1], [8, 2], [12, 0], [12, 2], [10, 0], [11, 3], [9, 0], [6, 2], [13, 2], [6, 1], [12, 1]], 'cards_left': 0}
{'1_atk': '[7, 2]', 'nick': 'VALL E', 'hand': '[]', 'hand_size': 0}
{'1_def': '[9, 2]', 'nick': 'EVA', 'hand': '[[9, 3], [14, 3]]', 'hand_size': 2}
{'Round': 24, 'pile': [[8, 3], [11, 0], [6, 3], [7, 3], [7, 1], [6, 0], [14, 2], [8, 0], [10, 3], [14, 0], [10, 2], [11, 2], [13, 3], [13, 0], [9, 1], [14, 1], [12, 3], [7, 0], [10, 1], [13, 1], [8, 1], [11, 1], [8, 2], [12, 0], [12, 2], [10, 0], [11, 3], [9, 0], [6, 2], [13, 2], [6, 1], [12, 1], [7, 2], [9, 2]], 'cards_left': 0}
{'Winner': 'VALL E'}
{'Round': 25, 'pile': [[8, 3], [11, 0], [6, 3], [7, 3], [7, 1], [6, 0], [14, 2], [8, 0], [10, 3], [14, 0], [10, 2], [11, 2], [13, 3], [13, 0], [9, 1], [14, 1], [12, 3], [7, 0], [10, 1], [13, 1], [8, 1], [11, 1], [8, 2], [12, 0], [12, 2], [10, 0], [11, 3], [9, 0], [6, 2], [13, 2], [6, 1], [12, 1], [7, 2], [9, 2]], 'cards_left': 0}
{'Game': 1}
{'Round': 0, 'pile': [], 'cards_left': 24}
{'1_atk': '[7, 3]', 'nick': 'VALL E', 'hand': '[[14, 2], [7, 0], [10, 2], [11, 0], [12, 2]]', 'hand_size': 5}
{'1_def': '[13, 3]', 'nick': 'EVA', 'hand': '[[7, 2], [6, 1], [12, 1], [6, 3], [8, 2]]', 'hand_size': 5}
{'2_add': '[7, 0]', 'nick': 'VALL E', 'hand': '[[14, 2], [10, 2], [11, 0], [12, 2]]', 'hand_size': 4}
{'grab': 'EVA', 'hand': '[[7, 2], [6, 1], [12, 1], [6, 3], [8, 2], [7, 3], [13, 3], [7, 0]]', 'hand_size': 8}
{'Round': 1, 'pile': [], 'cards_left': 22}
{'1_atk': '[13, 2]', 'nick': 'VALL E', 'hand': '[[14, 2], [10, 2], [11, 0], [12, 2], [8, 1]]', 'hand_size': 5}
{'1_def': '[7, 0]', 'nick': 'EVA', 'hand': '[[7, 2], [6, 1], [12, 1], [6, 3], [8, 2], [7, 3], [13, 3]]', 'hand_size': 7}
{'Round': 2, 'pile': [[13, 2], [7, 0]], 'cards_left': 21}
{'1_atk': '[12, 1]', 'nick': 'EVA', 'hand': '[[7, 2], [6, 1], [6, 3], [8, 2], [7, 3], [13, 3]]', 'hand_size': 6}
{'1_def': '[13, 1]', 'nick': 'VALL E', 'hand': '[[14, 2], [10, 2], [11, 0], [12, 2], [8, 1]]', 'hand_size': 5}
{'2_add': '[13, 3]', 'nick': 'EVA', 'hand': '[[7, 2], [6, 1], [6, 3], [8, 2], [7, 3]]', 'hand_size': 5}
{'2_def': '[11, 0]', 'nick': 'VALL E', 'hand': '[[14, 2], [10, 2], [12, 2], [8, 1]]', 'hand_size': 4}
{'Round': 3, 'pile': [[13, 2], [7, 0], [12, 1], [13, 1], [13, 3], [11, 0]], 'cards_left': 18}
{'1_atk': '[8, 1]', 'nick': 'VALL E', 'hand': '[[14, 2], [10, 2], [12, 2], [6, 2], [11, 1]]', 'hand_size': 5}
{'grab': 'EVA', 'hand': '[[7, 2], [6, 1], [6, 3], [8, 2], [7, 3], [7, 1], [8, 1]]', 'hand_size': 7}
{'Round': 4, 'pile': [[13, 2], [7, 0], [12, 1], [13, 1], [13, 3], [11, 0]], 'cards_left': 17}
{'1_atk': '[12, 2]', 'nick': 'VALL E', 'hand': '[[14, 2], [10, 2], [6, 2], [11, 1], [9, 3]]', 'hand_size': 5}
{'grab': 'EVA', 'hand': '[[7, 2], [6, 1], [6, 3], [8, 2], [7, 3], [7, 1], [8, 1], [12, 2]]', 'hand_size': 8}
{'Round': 5, 'pile': [[13, 2], [7, 0], [12, 1], [13, 1], [13, 3], [11, 0]], 'cards_left': 16}
{'1_atk': '[10, 2]', 'nick': 'VALL E', 'hand': '[[14, 2], [6, 2], [11, 1], [9, 3], [9, 1]]', 'hand_size': 5}
{'1_def': '[12, 2]', 'nick': 'EVA', 'hand': '[[7, 2], [6, 1], [6, 3], [8, 2], [7, 3], [7, 1], [8, 1]]', 'hand_size': 7}
{'Round': 6, 'pile': [[13, 2], [7, 0], [12, 1], [13, 1], [13, 3], [11, 0], [10, 2], [12, 2]], 'cards_left': 15}
{'1_atk': '[7, 1]', 'nick': 'EVA', 'hand': '[[7, 2], [6, 1], [6, 3], [8, 2], [7, 3], [8, 1]]', 'hand_size': 6}
{'1_def': '[9, 1]', 'nick': 'VALL E', 'hand': '[[14, 2], [6, 2], [11, 1], [9, 3], [14, 0]]', 'hand_size': 5}
{'2_add': '[7, 2]', 'nick': 'EVA', 'hand': '[[6, 1], [6, 3], [8, 2], [7, 3], [8, 1]]', 'hand_size': 5}
{'2_def': '[14, 2]', 'nick': 'VALL E', 'hand': '[[6, 2], [11, 1], [9, 3], [14, 0]]', 'hand_size': 4}
{'3_add': '[7, 3]', 'nick': 'EVA', 'hand': '[[6, 1], [6, 3], [8, 2], [8, 1]]', 'hand_size': 4}
{'3_def': '[9, 3]', 'nick': 'VALL E', 'hand': '[[6, 2], [11, 1], [14, 0]]', 'hand_size': 3}
{'Round': 7, 'pile': [[13, 2], [7, 0], [12, 1], [13, 1], [13, 3], [11, 0], [10, 2], [12, 2], [7, 1], [9, 1], [7, 2], [14, 2], [7, 3], [9, 3]], 'cards_left': 10}
{'1_atk': '[14, 0]', 'nick': 'VALL E', 'hand': '[[6, 2], [11, 1], [8, 3], [12, 0], [11, 3]]', 'hand_size': 5}
{'grab': 'EVA', 'hand': '[[6, 1], [6, 3], [8, 2], [8, 1], [12, 3], [10, 1], [14, 0]]', 'hand_size': 7}
{'Round': 8, 'pile': [[13, 2], [7, 0], [12, 1], [13, 1], [13, 3], [11, 0], [10, 2], [12, 2], [7, 1], [9, 1], [7, 2], [14, 2], [7, 3], [9, 3]], 'cards_left': 9}
{'1_atk': '[8, 3]', 'nick': 'VALL E', 'hand': '[[6, 2], [11, 1], [12, 0], [11, 3], [11, 2]]', 'hand_size': 5}
{'1_def': '[14, 0]', 'nick': 'EVA', 'hand': '[[6, 1], [6, 3], [8, 2], [8, 1], [12, 3], [10, 1]]', 'hand_size': 6}
{'Round': 9, 'pile': [[13, 2], [7, 0], [12, 1], [13, 1], [13, 3], [11, 0], [10, 2], [12, 2], [7, 1], [9, 1], [7, 2], [14, 2], [7, 3], [9, 3], [8, 3], [14, 0]], 'cards_left': 8}
{'1_atk': '[10, 1]', 'nick': 'EVA', 'hand': '[[6, 1], [6, 3], [8, 2], [8, 1], [12, 3]]', 'hand_size': 5}
{'1_def': '[12, 0]', 'nick': 'VALL E', 'hand': '[[6, 2], [11, 1], [11, 3], [11, 2], [8, 0]]', 'hand_size': 5}
{'2_add': '[12, 3]', 'nick': 'EVA', 'hand': '[[6, 1], [6, 3], [8, 2], [8, 1]]', 'hand_size': 4}
{'2_def': '[8, 0]', 'nick': 'VALL E', 'hand': '[[6, 2], [11, 1], [11, 3], [11, 2]]', 'hand_size': 4}
{'3_add': '[8, 2]', 'nick': 'EVA', 'hand': '[[6, 1], [6, 3], [8, 1]]', 'hand_size': 3}
{'3_def': '[11, 2]', 'nick': 'VALL E', 'hand': '[[6, 2], [11, 1], [11, 3]]', 'hand_size': 3}
{'4_add': '[8, 1]', 'nick': 'EVA', 'hand': '[[6, 1], [6, 3]]', 'hand_size': 2}
{'4_def': '[11, 1]', 'nick': 'VALL E', 'hand': '[[6, 2], [11, 3]]', 'hand_size': 2}
{'Round': 10, 'pile': [[13, 2], [7, 0], [12, 1], [13, 1], [13, 3], [11, 0], [10, 2], [12, 2], [7, 1], [9, 1], [7, 2], [14, 2], [7, 3], [9, 3], [8, 3], [14, 0], [10, 1], [12, 0], [12, 3], [8, 0], [8, 2], [11, 2], [8, 1], [11, 1]], 'cards_left': 0}
{'1_atk': '[13, 0]', 'nick': 'VALL E', 'hand': '[[6, 2], [11, 3], [10, 3], [14, 1], [6, 0]]', 'hand_size': 5}
{'grab': 'EVA', 'hand': '[[6, 1], [6, 3], [9, 2], [14, 3], [9, 0], [10, 0], [13, 0]]', 'hand_size': 7}
{'Round': 11, 'pile': [[13, 2], [7, 0], [12, 1], [13, 1], [13, 3], [11, 0], [10, 2], [12, 2], [7, 1], [9, 1], [7, 2], [14, 2], [7, 3], [9, 3], [8, 3], [14, 0], [10, 1], [12, 0], [12, 3], [8, 0], [8, 2], [11, 2], [8, 1], [11, 1]], 'cards_left': 0}
{'1_atk': '[6, 0]', 'nick': 'VALL E', 'hand': '[[6, 2], [11, 3], [10, 3], [14, 1]]', 'hand_size': 4}
{'1_def': '[9, 0]', 'nick': 'EVA', 'hand': '[[6, 1], [6, 3], [9, 2], [14, 3], [10, 0], [13, 0]]', 'hand_size': 6}
{'2_add': '[6, 2]', 'nick': 'VALL E', 'hand': '[[11, 3], [10, 3], [14, 1]]', 'hand_size': 3}
{'2_def': '[9, 2]', 'nick': 'EVA', 'hand': '[[6, 1], [6, 3], [14, 3], [10, 0], [13, 0]]', 'hand_size': 5}
{'Round': 12, 'pile': [[13, 2], [7, 0], [12, 1], [13, 1], [13, 3], [11, 0], [10, 2], [12, 2], [7, 1], [9, 1], [7, 2], [14, 2], [7, 3], [9, 3], [8, 3], [14, 0], [10, 1], [12, 0], [12, 3], [8, 0], [8, 2], [11, 2], [8, 1], [11, 1], [6, 0], [9, 0], [6, 2], [9, 2]], 'cards_left': 0}
{'1_atk': '[10, 0]', 'nick': 'EVA', 'hand': '[[6, 1], [6, 3], [14, 3], [13, 0]]', 'hand_size': 4}
{'grab': 'VALL E', 'hand': '[[11, 3], [10, 3], [14, 1], [10, 0]]', 'hand_size': 4}
{'Round': 13, 'pile': [[13, 2], [7, 0], [12, 1], [13, 1], [13, 3], [11, 0], [10, 2], [12, 2], [7, 1], [9, 1], [7, 2], [14, 2], [7, 3], [9, 3], [8, 3], [14, 0], [10, 1], [12, 0], [12, 3], [8, 0], [8, 2], [11, 2], [8, 1], [11, 1], [6, 0], [9, 0], [6, 2], [9, 2]], 'cards_left': 0}
{'1_atk': '[6, 1]', 'nick': 'EVA', 'hand': '[[6, 3], [14, 3], [13, 0]]', 'hand_size': 3}
{'1_def': '[14, 1]', 'nick': 'VALL E', 'hand': '[[11, 3], [10, 3], [10, 0]]', 'hand_size': 3}
{'2_add': '[14, 3]', 'nick': 'EVA', 'hand': '[[6, 3], [13, 0]]', 'hand_size': 2}
{'2_def': '[10, 0]', 'nick': 'VALL E', 'hand': '[[11, 3], [10, 3]]', 'hand_size': 2}
{'3_add': '[6, 3]', 'nick': 'EVA', 'hand': '[[13, 0]]', 'hand_size': 1}
{'3_def': '[11, 3]', 'nick': 'VALL E', 'hand': '[[10, 3]]', 'hand_size': 1}
{'Round': 14, 'pile': [[13, 2], [7, 0], [12, 1], [13, 1], [13, 3], [11, 0], [10, 2], [12, 2], [7, 1], [9, 1], [7, 2], [14, 2], [7, 3], [9, 3], [8, 3], [14, 0], [10, 1], [12, 0], [12, 3], [8, 0], [8, 2], [11, 2], [8, 1], [11, 1], [6, 0], [9, 0], [6, 2], [9, 2], [6, 1], [14, 1], [14, 3], [10, 0], [6, 3], [11, 3]], 'cards_left': 0}
{'1_atk': '[10, 3]', 'nick': 'VALL E', 'hand': '[]', 'hand_size': 0}
{'1_def': '[13, 0]', 'nick': 'EVA', 'hand': '[]', 'hand_size': 0}
{'Round': 15, 'pile': [[13, 2], [7, 0], [12, 1], [13, 1], [13, 3], [11, 0], [10, 2], [12, 2], [7, 1], [9, 1], [7, 2], [14, 2], [7, 3], [9, 3], [8, 3], [14, 0], [10, 1], [12, 0], [12, 3], [8, 0], [8, 2], [11, 2], [8, 1], [11, 1], [6, 0], [9, 0], [6, 2], [9, 2], [6, 1], [14, 1], [14, 3], [10, 0], [6, 3], [11, 3], [10, 3], [13, 0]], 'cards_left': 0}
{'Winner': 'Draw'}
{'Round': 16, 'pile': [[13, 2], [7, 0], [12, 1], [13, 1], [13, 3], [11, 0], [10, 2], [12, 2], [7, 1], [9, 1], [7, 2], [14, 2], [7, 3], [9, 3], [8, 3], [14, 0], [10, 1], [12, 0], [12, 3], [8, 0], [8, 2], [11, 2], [8, 1], [11, 1], [6, 0], [9, 0], [6, 2], [9, 2], [6, 1], [14, 1], [14, 3], [10, 0], [6, 3], [11, 3], [10, 3], [13, 0]], 'cards_left': 0}
{'Game': 2}
{'Round': 0, 'pile': [], 'cards_left': 24}
{'1_atk': '[13, 3]', 'nick': 'EVA', 'hand': '[[10, 1], [14, 2], [8, 1], [7, 0], [10, 0]]', 'hand_size': 5}
{'1_def': '[14, 0]', 'nick': 'VALL E', 'hand': '[[8, 2], [6, 3], [11, 1], [11, 3], [13, 0]]', 'hand_size': 5}
{'2_add': '[14, 2]', 'nick': 'EVA', 'hand': '[[10, 1], [8, 1], [7, 0], [10, 0]]', 'hand_size': 4}
{'2_def': '[13, 0]', 'nick': 'VALL E', 'hand': '[[8, 2], [6, 3], [11, 1], [11, 3]]', 'hand_size': 4}
{'Round': 1, 'pile': [[13, 3], [14, 0], [14, 2], [13, 0]], 'cards_left': 20}
{'1_atk': '[6, 3]', 'nick': 'VALL E', 'hand': '[[8, 2], [11, 1], [11, 3], [14, 1], [6, 0]]', 'hand_size': 5}
{'1_def': '[10, 0]', 'nick': 'EVA', 'hand': '[[10, 1], [8, 1], [7, 0], [7, 2], [9, 0]]', 'hand_size': 5}
{'2_add': '[6, 0]', 'nick': 'VALL E', 'hand': '[[8, 2], [11, 1], [11, 3], [14, 1]]', 'hand_size': 4}
{'2_def': '[7, 0]', 'nick': 'EVA', 'hand': '[[10, 1], [8, 1], [7, 2], [9, 0]]', 'hand_size': 4}
{'Round': 2, 'pile': [[13, 3], [14, 0], [14, 2], [13, 0], [6, 3], [10, 0], [6, 0], [7, 0]], 'cards_left': 16}
{'1_atk': '[13, 2]', 'nick': 'EVA', 'hand': '[[10, 1], [8, 1], [7, 2], [9, 0], [12, 2]]', 'hand_size': 5}
{'grab': 'VALL E', 'hand': '[[8, 2], [11, 1], [11, 3], [14, 1], [10, 2], [9, 1], [13, 2]]', 'hand_size': 7}
{'Round': 3, 'pile': [[13, 3], [14, 0], [14, 2], [13, 0], [6, 3], [10, 0], [6, 0], [7, 0]], 'cards_left': 15}
{'1_atk': '[10, 1]', 'nick': 'EVA', 'hand': '[[8, 1], [7, 2], [9, 0], [12, 2], [9, 3]]', 'hand_size': 5}
{'1_def': '[14, 1]', 'nick': 'VALL E', 'hand': '[[8, 2], [11, 1], [11, 3], [10, 2], [9, 1], [13, 2]]', 'hand_size': 6}
{'Round': 4, 'pile': [[13, 3], [14, 0], [14, 2], [13, 0], [6, 3], [10, 0], [6, 0], [7, 0], [10, 1], [14, 1]], 'cards_left': 14}
{'1_atk': '[11, 1]', 'nick': 'VALL E', 'hand': '[[8, 2], [11, 3], [10, 2], [9, 1], [13, 2]]', 'hand_size': 5}
{'1_def': '[9, 0]', 'nick': 'EVA', 'hand': '[[8, 1], [7, 2], [12, 2], [9, 3], [6, 2]]', 'hand_size': 5}
{'2_add': '[9, 1]', 'nick': 'VALL E', 'hand': '[[8, 2], [11, 3], [10, 2], [13, 2]]', 'hand_size': 4}
{'grab': 'EVA', 'hand': '[[8, 1], [7, 2], [12, 2], [9, 3], [6, 2], [11, 1], [9, 0], [9, 1]]', 'hand_size': 8}
{'Round': 5, 'pile': [[13, 3], [14, 0], [14, 2], [13, 0], [6, 3], [10, 0], [6, 0], [7, 0], [10, 1], [14, 1]], 'cards_left': 12}
{'1_atk': '[13, 1]', 'nick': 'VALL E', 'hand': '[[8, 2], [11, 3], [10, 2], [13, 2], [12, 3]]', 'hand_size': 5}
{'1_def': '[9, 0]', 'nick': 'EVA', 'hand': '[[8, 1], [7, 2], [12, 2], [9, 3], [6, 2], [11, 1], [9, 1]]', 'hand_size': 7}
{'2_add': '[13, 2]', 'nick': 'VALL E', 'hand': '[[8, 2], [11, 3], [10, 2], [12, 3]]', 'hand_size': 4}
{'grab': 'EVA', 'hand': '[[8, 1], [7, 2], [12, 2], [9, 3], [6, 2], [11, 1], [9, 1], [13, 1], [9, 0], [13, 2]]', 'hand_size': 10}
{'Round': 6, 'pile': [[13, 3], [14, 0], [14, 2], [13, 0], [6, 3], [10, 0], [6, 0], [7, 0], [10, 1], [14, 1]], 'cards_left': 10}
{'1_atk': '[10, 2]', 'nick': 'VALL E', 'hand': '[[8, 2], [11, 3], [12, 3], [6, 1], [14, 3]]', 'hand_size': 5}
{'1_def': '[9, 0]', 'nick': 'EVA', 'hand': '[[8, 1], [7, 2], [12, 2], [9, 3], [6, 2], [11, 1], [9, 1], [13, 1], [13, 2]]', 'hand_size': 9}
{'Round': 7, 'pile': [[13, 3], [14, 0], [14, 2], [13, 0], [6, 3], [10, 0], [6, 0], [7, 0], [10, 1], [14, 1], [10, 2], [9, 0]], 'cards_left': 9}
{'1_atk': '[11, 1]', 'nick': 'EVA', 'hand': '[[8, 1], [7, 2], [12, 2], [9, 3], [6, 2], [9, 1], [13, 1], [13, 2]]', 'hand_size': 8}
{'grab': 'VALL E', 'hand': '[[8, 2], [11, 3], [12, 3], [6, 1], [14, 3], [11, 2], [11, 1]]', 'hand_size': 7}
{'Round': 8, 'pile': [[13, 3], [14, 0], [14, 2], [13, 0], [6, 3], [10, 0], [6, 0], [7, 0], [10, 1], [14, 1], [10, 2], [9, 0]], 'cards_left': 9}
{'1_atk': '[13, 2]', 'nick': 'EVA', 'hand': '[[8, 1], [7, 2], [12, 2], [9, 3], [6, 2], [9, 1], [13, 1]]', 'hand_size': 7}
{'grab': 'VALL E', 'hand': '[[8, 2], [11, 3], [12, 3], [6, 1], [14, 3], [11, 2], [11, 1], [13, 2]]', 'hand_size': 8}
{'Round': 9, 'pile': [[13, 3], [14, 0], [14, 2], [13, 0], [6, 3], [10, 0], [6, 0], [7, 0], [10, 1], [14, 1], [10, 2], [9, 0]], 'cards_left': 9}
{'1_atk': '[8, 1]', 'nick': 'EVA', 'hand': '[[7, 2], [12, 2], [9, 3], [6, 2], [9, 1], [13, 1]]', 'hand_size': 6}
{'1_def': '[11, 1]', 'nick': 'VALL E', 'hand': '[[8, 2], [11, 3], [12, 3], [6, 1], [14, 3], [11, 2], [13, 2]]', 'hand_size': 7}
{'Round': 10, 'pile': [[13, 3], [14, 0], [14, 2], [13, 0], [6, 3], [10, 0], [6, 0], [7, 0], [10, 1], [14, 1], [10, 2], [9, 0], [8, 1], [11, 1]], 'cards_left': 9}
{'1_atk': '[13, 2]', 'nick': 'VALL E', 'hand': '[[8, 2], [11, 3], [12, 3], [6, 1], [14, 3], [11, 2]]', 'hand_size': 6}
{'grab': 'EVA', 'hand': '[[7, 2], [12, 2], [9, 3], [6, 2], [9, 1], [13, 1], [13, 2]]', 'hand_size': 7}
{'Round': 11, 'pile': [[13, 3], [14, 0], [14, 2], [13, 0], [6, 3], [10, 0], [6, 0], [7, 0], [10, 1], [14, 1], [10, 2], [9, 0], [8, 1], [11, 1]], 'cards_left': 9}
{'1_atk': '[6, 1]', 'nick': 'VALL E', 'hand': '[[8, 2], [11, 3], [12, 3], [14, 3], [11, 2]]', 'hand_size': 5}
{'1_def': '[13, 1]', 'nick': 'EVA', 'hand': '[[7, 2], [12, 2], [9, 3], [6, 2], [9, 1], [13, 2]]', 'hand_size': 6}
{'Round': 12, 'pile': [[13, 3], [14, 0], [14, 2], [13, 0], [6, 3], [10, 0], [6, 0], [7, 0], [10, 1], [14, 1], [10, 2], [9, 0], [8, 1], [11, 1], [6, 1], [13, 1]], 'cards_left': 8}
{'1_atk': '[12, 2]', 'nick': 'EVA', 'hand': '[[7, 2], [9, 3], [6, 2], [9, 1], [13, 2]]', 'hand_size': 5}
{'1_def': '[8, 0]', 'nick': 'VALL E', 'hand': '[[8, 2], [11, 3], [12, 3], [14, 3], [11, 2]]', 'hand_size': 5}
{'Round': 13, 'pile': [[13, 3], [14, 0], [14, 2], [13, 0], [6, 3], [10, 0], [6, 0], [7, 0], [10, 1], [14, 1], [10, 2], [9, 0], [8, 1], [11, 1], [6, 1], [13, 1], [12, 2], [8, 0]], 'cards_left': 6}
{'1_atk': '[11, 3]', 'nick': 'VALL E', 'hand': '[[8, 2], [12, 3], [14, 3], [11, 2], [12, 1]]', 'hand_size': 5}
{'grab': 'EVA', 'hand': '[[7, 2], [9, 3], [6, 2], [9, 1], [13, 2], [10, 3], [11, 3]]', 'hand_size': 7}
{'Round': 14, 'pile': [[13, 3], [14, 0], [14, 2], [13, 0], [6, 3], [10, 0], [6, 0], [7, 0], [10, 1], [14, 1], [10, 2], [9, 0], [8, 1], [11, 1], [6, 1], [13, 1], [12, 2], [8, 0]], 'cards_left': 5}
{'1_atk': '[7, 1]', 'nick': 'VALL E', 'hand': '[[8, 2], [12, 3], [14, 3], [11, 2], [12, 1]]', 'hand_size': 5}
{'1_def': '[9, 1]', 'nick': 'EVA', 'hand': '[[7, 2], [9, 3], [6, 2], [13, 2], [10, 3], [11, 3]]', 'hand_size': 6}
{'Round': 15, 'pile': [[13, 3], [14, 0], [14, 2], [13, 0], [6, 3], [10, 0], [6, 0], [7, 0], [10, 1], [14, 1], [10, 2], [9, 0], [8, 1], [11, 1], [6, 1], [13, 1], [12, 2], [8, 0], [7, 1], [9, 1]], 'cards_left': 4}
{'1_atk': '[13, 2]', 'nick': 'EVA', 'hand': '[[7, 2], [9, 3], [6, 2], [10, 3], [11, 3]]', 'hand_size': 5}
{'grab': 'VALL E', 'hand': '[[8, 2], [12, 3], [14, 3], [11, 2], [12, 1], [8, 3], [13, 2]]', 'hand_size': 7}
{'Round': 16, 'pile': [[13, 3], [14, 0], [14, 2], [13, 0], [6, 3], [10, 0], [6, 0], [7, 0], [10, 1], [14, 1], [10, 2], [9, 0], [8, 1], [11, 1], [6, 1], [13, 1], [12, 2], [8, 0], [7, 1], [9, 1]], 'cards_left': 3}
{'1_atk': '[11, 0]', 'nick': 'EVA', 'hand': '[[7, 2], [9, 3], [6, 2], [10, 3], [11, 3]]', 'hand_size': 5}
{'grab': 'VALL E', 'hand': '[[8, 2], [12, 3], [14, 3], [11, 2], [12, 1], [8, 3], [13, 2], [11, 0]]', 'hand_size': 8}
{'Round': 17, 'pile': [[13, 3], [14, 0], [14, 2], [13, 0], [6, 3], [10, 0], [6, 0], [7, 0], [10, 1], [14, 1], [10, 2], [9, 0], [8, 1], [11, 1], [6, 1], [13, 1], [12, 2], [8, 0], [7, 1], [9, 1]], 'cards_left': 2}
{'1_atk': '[9, 3]', 'nick': 'EVA', 'hand': '[[7, 2], [6, 2], [10, 3], [11, 3], [9, 2]]', 'hand_size': 5}
{'1_def': '[12, 3]', 'nick': 'VALL E', 'hand': '[[8, 2], [14, 3], [11, 2], [12, 1], [8, 3], [13, 2], [11, 0]]', 'hand_size': 7}
{'2_add': '[9, 2]', 'nick': 'EVA', 'hand': '[[7, 2], [6, 2], [10, 3], [11, 3]]', 'hand_size': 4}
{'2_def': '[11, 0]', 'nick': 'VALL E', 'hand': '[[8, 2], [14, 3], [11, 2], [12, 1], [8, 3], [13, 2]]', 'hand_size': 6}
{'3_add': '[11, 3]', 'nick': 'EVA', 'hand': '[[7, 2], [6, 2], [10, 3]]', 'hand_size': 3}
{'3_def': '[14, 3]', 'nick': 'VALL E', 'hand': '[[8, 2], [11, 2], [12, 1], [8, 3], [13, 2]]', 'hand_size': 5}
{'Round': 18, 'pile': [[13, 3], [14, 0], [14, 2], [13, 0], [6, 3], [10, 0], [6, 0], [7, 0], [10, 1], [14, 1], [10, 2], [9, 0], [8, 1], [11, 1], [6, 1], [13, 1], [12, 2], [8, 0], [7, 1], [9, 1], [9, 3], [12, 3], [9, 2], [11, 0], [11, 3], [14, 3]], 'cards_left': 0}
{'1_atk': '[11, 2]', 'nick': 'VALL E', 'hand': '[[8, 2], [12, 1], [8, 3], [13, 2]]', 'hand_size': 4}
{'1_def': '[12, 0]', 'nick': 'EVA', 'hand': '[[7, 2], [6, 2], [10, 3], [7, 3]]', 'hand_size': 4}
{'2_add': '[12, 1]', 'nick': 'VALL E', 'hand': '[[8, 2], [8, 3], [13, 2]]', 'hand_size': 3}
{'grab': 'EVA', 'hand': '[[7, 2], [6, 2], [10, 3], [7, 3], [11, 2], [12, 0], [12, 1]]', 'hand_size': 7}
{'Round': 19, 'pile': [[13, 3], [14, 0], [14, 2], [13, 0], [6, 3], [10, 0], [6, 0], [7, 0], [10, 1], [14, 1], [10, 2], [9, 0], [8, 1], [11, 1], [6, 1], [13, 1], [12, 2], [8, 0], [7, 1], [9, 1], [9, 3], [12, 3], [9, 2], [11, 0], [11, 3], [14, 3]], 'cards_left': 0}
{'1_atk': '[8, 3]', 'nick': 'VALL E', 'hand': '[[8, 2], [13, 2]]', 'hand_size': 2}
{'1_def': '[12, 0]', 'nick': 'EVA', 'hand': '[[7, 2], [6, 2], [10, 3], [7, 3], [11, 2], [12, 1]]', 'hand_size': 6}
{'2_add': '[8, 2]', 'nick': 'VALL E', 'hand': '[[13, 2]]', 'hand_size': 1}
{'2_def': '[11, 2]', 'nick': 'EVA', 'hand': '[[7, 2], [6, 2], [10, 3], [7, 3], [12, 1]]', 'hand_size': 5}
{'Round': 20, 'pile': [[13, 3], [14, 0], [14, 2], [13, 0], [6, 3], [10, 0], [6, 0], [7, 0], [10, 1], [14, 1], [10, 2], [9, 0], [8, 1], [11, 1], [6, 1], [13, 1], [12, 2], [8, 0], [7, 1], [9, 1], [9, 3], [12, 3], [9, 2], [11, 0], [11, 3], [14, 3], [8, 3], [12, 0], [8, 2], [11, 2]], 'cards_left': 0}
{'1_atk': '[6, 2]', 'nick': 'EVA', 'hand': '[[7, 2], [10, 3], [7, 3], [12, 1]]', 'hand_size': 4}
{'1_def': '[13, 2]', 'nick': 'VALL E', 'hand': '[]', 'hand_size': 0}
{'Round': 21, 'pile': [[13, 3], [14, 0], [14, 2], [13, 0], [6, 3], [10, 0], [6, 0], [7, 0], [10, 1], [14, 1], [10, 2], [9, 0], [8, 1], [11, 1], [6, 1], [13, 1], [12, 2], [8, 0], [7, 1], [9, 1], [9, 3], [12, 3], [9, 2], [11, 0], [11, 3], [14, 3], [8, 3], [12, 0], [8, 2], [11, 2], [6, 2], [13, 2]], 'cards_left': 0}
{'Winner': 'VALL E'}
{'Round': 22, 'pile': [[13, 3], [14, 0], [14, 2], [13, 0], [6, 3], [10, 0], [6, 0], [7, 0], [10, 1], [14, 1], [10, 2], [9, 0], [8, 1], [11, 1], [6, 1], [13, 1], [12, 2], [8, 0], [7, 1], [9, 1], [9, 3], [12, 3], [9, 2], [11, 0], [11, 3], [14, 3], [8, 3], [12, 0], [8, 2], [11, 2], [6, 2], [13, 2]], 'cards_left': 0}
{'Game': 3}
